<?xml version="1.0" encoding="UTF-8"?>
<testng-results ignored="0" total="1" passed="1" failed="0" skipped="0">
  <reporter-output>
  </reporter-output>
  <suite started-at="2022-11-30T00:04:20 IST" name="Suite" finished-at="2022-11-30T00:04:20 IST" duration-ms="40">
    <groups>
    </groups>
    <test started-at="2022-11-30T00:04:20 IST" name="Test" finished-at="2022-11-30T00:04:20 IST" duration-ms="40">
      <class name="userTest.Userdetail">
        <test-method signature="username()[pri:0, instance:userTest.Userdetail@7e5afaa6]" started-at="2022-11-30T00:04:20 IST" name="username" finished-at="2022-11-30T00:04:20 IST" duration-ms="13" status="PASS">
          <reporter-output>
          </reporter-output>
        </test-method> <!-- username -->
      </class> <!-- userTest.Userdetail -->
    </test> <!-- Test -->
  </suite> <!-- Suite -->
</testng-results>
